This is pdfTeX, Version 3.14159265-2.6-1.40.19 (MiKTeX 2.9.6930 64-bit) (preloaded format=pdflatex 2019.3.19)  8 AUG 2019 16:49
entering extended mode
**"./new Cv djamel.tex"
("new Cv djamel.tex"
LaTeX2e <2018-12-01>

("C:\Users\djamel\AppData\Local\Programs\MiKTeX 2.9\tex/latex/moderncv\moderncv
.cls"
Document Class: moderncv 2015/07/28 v2.0.0 modern curriculum vitae and letter d
ocument class
("C:\Users\djamel\AppData\Local\Programs\MiKTeX 2.9\tex/latex/base\size11.clo"
File: size11.clo 2018/09/03 v1.4i Standard LaTeX file (size option)
)
("C:\Users\djamel\AppData\Local\Programs\MiKTeX 2.9\tex/latex/etoolbox\etoolbox
.sty"
Package: etoolbox 2018/08/19 v2.5f e-TeX tools for LaTeX (JAW)
\etb@tempcnta=\count80
)
("C:\Users\djamel\AppData\Local\Programs\MiKTeX 2.9\tex/latex/base\ifthen.sty"
Package: ifthen 2014/09/29 v1.1c Standard LaTeX ifthen package (DPC)
) ("C:\Users\djamel\AppData\Local\Programs\MiKTeX 2.9\tex/latex/xcolor\xcolor.s
ty"
Package: xcolor 2016/05/11 v2.12 LaTeX color extensions (UK)

("C:\Users\djamel\AppData\Local\Programs\MiKTeX 2.9\tex/latex/graphics-cfg\colo
r.cfg"
File: color.cfg 2016/01/02 v1.6 sample color configuration
)
Package xcolor Info: Driver file: pdftex.def on input line 225.

("C:\Users\djamel\AppData\Local\Programs\MiKTeX 2.9\tex/latex/graphics-def\pdft
ex.def"
File: pdftex.def 2018/01/08 v1.0l Graphics/color driver for pdftex
)
("C:\Users\djamel\AppData\Local\Programs\MiKTeX 2.9\tex/latex/colortbl\colortbl
.sty"
Package: colortbl 2018/12/12 v1.0d Color table columns (DPC)

("C:\Users\djamel\AppData\Local\Programs\MiKTeX 2.9\tex/latex/tools\array.sty"
Package: array 2018/11/13 v2.4j Tabular extension package (FMi)
\col@sep=\dimen102
\ar@mcellbox=\box27
\extrarowheight=\dimen103
\NC@list=\toks14
\extratabsurround=\skip41
\backup@length=\skip42
\ar@cellbox=\box28
)
\everycr=\toks15
\minrowclearance=\skip43
)
\rownum=\count81
Package xcolor Info: Model `cmy' substituted by `cmy0' on input line 1348.
Package xcolor Info: Model `hsb' substituted by `rgb' on input line 1352.
Package xcolor Info: Model `RGB' extended on input line 1364.
Package xcolor Info: Model `HTML' substituted by `rgb' on input line 1366.
Package xcolor Info: Model `Hsb' substituted by `hsb' on input line 1367.
Package xcolor Info: Model `tHsb' substituted by `hsb' on input line 1368.
Package xcolor Info: Model `HSB' substituted by `hsb' on input line 1369.
Package xcolor Info: Model `Gray' substituted by `gray' on input line 1370.
Package xcolor Info: Model `wave' substituted by `hsb' on input line 1371.
)
("C:\Users\djamel\AppData\Local\Programs\MiKTeX 2.9\tex/generic/ifxetex\ifxetex
.sty"
Package: ifxetex 2010/09/12 v0.6 Provides ifxetex conditional
)
("C:\Users\djamel\AppData\Local\Programs\MiKTeX 2.9\tex/generic/oberdiek\ifluat
ex.sty"
Package: ifluatex 2016/05/16 v1.4 Provides the ifluatex switch (HO)
Package ifluatex Info: LuaTeX not detected.
)
("C:\Users\djamel\AppData\Local\Programs\MiKTeX 2.9\tex/latex/base\fontenc.sty"
Package: fontenc 2018/08/11 v2.0j Standard LaTeX package
("C:\Users\djamel\AppData\Local\Programs\MiKTeX 2.9\tex/latex/base\t1enc.def"
File: t1enc.def 2018/08/11 v2.0j Standard LaTeX file
LaTeX Font Info:    Redeclaring font encoding T1 on input line 48.
)) ("C:\Users\djamel\AppData\Local\Programs\MiKTeX 2.9\tex/latex/lm\lmodern.sty
"
Package: lmodern 2009/10/30 v1.6 Latin Modern Fonts
LaTeX Font Info:    Overwriting symbol font `operators' in version `normal'
(Font)                  OT1/cmr/m/n --> OT1/lmr/m/n on input line 22.
LaTeX Font Info:    Overwriting symbol font `letters' in version `normal'
(Font)                  OML/cmm/m/it --> OML/lmm/m/it on input line 23.
LaTeX Font Info:    Overwriting symbol font `symbols' in version `normal'
(Font)                  OMS/cmsy/m/n --> OMS/lmsy/m/n on input line 24.
LaTeX Font Info:    Overwriting symbol font `largesymbols' in version `normal'
(Font)                  OMX/cmex/m/n --> OMX/lmex/m/n on input line 25.
LaTeX Font Info:    Overwriting symbol font `operators' in version `bold'
(Font)                  OT1/cmr/bx/n --> OT1/lmr/bx/n on input line 26.
LaTeX Font Info:    Overwriting symbol font `letters' in version `bold'
(Font)                  OML/cmm/b/it --> OML/lmm/b/it on input line 27.
LaTeX Font Info:    Overwriting symbol font `symbols' in version `bold'
(Font)                  OMS/cmsy/b/n --> OMS/lmsy/b/n on input line 28.
LaTeX Font Info:    Overwriting symbol font `largesymbols' in version `bold'
(Font)                  OMX/cmex/m/n --> OMX/lmex/m/n on input line 29.
LaTeX Font Info:    Overwriting math alphabet `\mathbf' in version `normal'
(Font)                  OT1/cmr/bx/n --> OT1/lmr/bx/n on input line 31.
LaTeX Font Info:    Overwriting math alphabet `\mathsf' in version `normal'
(Font)                  OT1/cmss/m/n --> OT1/lmss/m/n on input line 32.
LaTeX Font Info:    Overwriting math alphabet `\mathit' in version `normal'
(Font)                  OT1/cmr/m/it --> OT1/lmr/m/it on input line 33.
LaTeX Font Info:    Overwriting math alphabet `\mathtt' in version `normal'
(Font)                  OT1/cmtt/m/n --> OT1/lmtt/m/n on input line 34.
LaTeX Font Info:    Overwriting math alphabet `\mathbf' in version `bold'
(Font)                  OT1/cmr/bx/n --> OT1/lmr/bx/n on input line 35.
LaTeX Font Info:    Overwriting math alphabet `\mathsf' in version `bold'
(Font)                  OT1/cmss/bx/n --> OT1/lmss/bx/n on input line 36.
LaTeX Font Info:    Overwriting math alphabet `\mathit' in version `bold'
(Font)                  OT1/cmr/bx/it --> OT1/lmr/bx/it on input line 37.
LaTeX Font Info:    Overwriting math alphabet `\mathtt' in version `bold'
(Font)                  OT1/cmtt/m/n --> OT1/lmtt/m/n on input line 38.
) ("C:\Users\djamel\AppData\Local\Programs\MiKTeX 2.9\tex/latex/url\url.sty"
\Urlmuskip=\muskip10
Package: url 2013/09/16  ver 3.4  Verb mode for urls, etc.
)
("C:\Users\djamel\AppData\Local\Programs\MiKTeX 2.9\tex/latex/graphics\graphicx
.sty"
Package: graphicx 2017/06/01 v1.1a Enhanced LaTeX Graphics (DPC,SPQR)

("C:\Users\djamel\AppData\Local\Programs\MiKTeX 2.9\tex/latex/graphics\keyval.s
ty"
Package: keyval 2014/10/28 v1.15 key=value parser (DPC)
\KV@toks@=\toks16
)
("C:\Users\djamel\AppData\Local\Programs\MiKTeX 2.9\tex/latex/graphics\graphics
.sty"
Package: graphics 2017/06/25 v1.2c Standard LaTeX Graphics (DPC,SPQR)

("C:\Users\djamel\AppData\Local\Programs\MiKTeX 2.9\tex/latex/graphics\trig.sty
"
Package: trig 2016/01/03 v1.10 sin cos tan (DPC)
)
("C:\Users\djamel\AppData\Local\Programs\MiKTeX 2.9\tex/latex/graphics-cfg\grap
hics.cfg"
File: graphics.cfg 2016/06/04 v1.11 sample graphics configuration
)
Package graphics Info: Driver file: pdftex.def on input line 99.
)
\Gin@req@height=\dimen104
\Gin@req@width=\dimen105
)
("C:\Users\djamel\AppData\Local\Programs\MiKTeX 2.9\tex/latex/fancyhdr\fancyhdr
.sty"
Package: fancyhdr 2019/01/31 v3.10 Extensive control of page headers and footer
s
\f@nch@headwidth=\skip44
\f@nch@O@elh=\skip45
\f@nch@O@erh=\skip46
\f@nch@O@olh=\skip47
\f@nch@O@orh=\skip48
\f@nch@O@elf=\skip49
\f@nch@O@erf=\skip50
\f@nch@O@olf=\skip51
\f@nch@O@orf=\skip52
)
("C:\Users\djamel\AppData\Local\Programs\MiKTeX 2.9\tex/latex/moderncv\tweaklis
t.sty")
("C:\Users\djamel\AppData\Local\Programs\MiKTeX 2.9\tex/latex/tools\calc.sty"
Package: calc 2017/05/25 v4.3 Infix arithmetic (KKT,FJ)
\calc@Acount=\count82
\calc@Bcount=\count83
\calc@Adimen=\dimen106
\calc@Bdimen=\dimen107
\calc@Askip=\skip53
\calc@Bskip=\skip54
LaTeX Info: Redefining \setlength on input line 80.
LaTeX Info: Redefining \addtolength on input line 81.
\calc@Ccount=\count84
\calc@Cskip=\skip55
)
("C:\Users\djamel\AppData\Local\Programs\MiKTeX 2.9\tex/latex/l3packages/xparse
\xparse.sty"
("C:\Users\djamel\AppData\Local\Programs\MiKTeX 2.9\tex/latex/l3kernel\expl3.st
y"
Package: expl3 2019-03-05 L3 programming layer (loader) 

("C:\Users\djamel\AppData\Local\Programs\MiKTeX 2.9\tex/latex/l3kernel\expl3-co
de.tex"
Package: expl3 2019-03-05 L3 programming layer (code)
\c_max_int=\count85
\l_tmpa_int=\count86
\l_tmpb_int=\count87
\g_tmpa_int=\count88
\g_tmpb_int=\count89
\g__kernel_prg_map_int=\count90
\c_log_iow=\count91
\l_iow_line_count_int=\count92
\l__iow_line_target_int=\count93
\l__iow_one_indent_int=\count94
\l__iow_indent_int=\count95
\c_zero_dim=\dimen108
\c_max_dim=\dimen109
\l_tmpa_dim=\dimen110
\l_tmpb_dim=\dimen111
\g_tmpa_dim=\dimen112
\g_tmpb_dim=\dimen113
\c_zero_skip=\skip56
\c_max_skip=\skip57
\l_tmpa_skip=\skip58
\l_tmpb_skip=\skip59
\g_tmpa_skip=\skip60
\g_tmpb_skip=\skip61
\c_zero_muskip=\muskip11
\c_max_muskip=\muskip12
\l_tmpa_muskip=\muskip13
\l_tmpb_muskip=\muskip14
\g_tmpa_muskip=\muskip15
\g_tmpb_muskip=\muskip16
\l_keys_choice_int=\count96
\l__intarray_loop_int=\count97
\c__intarray_sp_dim=\dimen114
\g__intarray_font_int=\count98
\c__fp_leading_shift_int=\count99
\c__fp_middle_shift_int=\count100
\c__fp_trailing_shift_int=\count101
\c__fp_big_leading_shift_int=\count102
\c__fp_big_middle_shift_int=\count103
\c__fp_big_trailing_shift_int=\count104
\c__fp_Bigg_leading_shift_int=\count105
\c__fp_Bigg_middle_shift_int=\count106
\c__fp_Bigg_trailing_shift_int=\count107
\c__kernel_randint_max_int=\count108
\g__fp_array_int=\count109
\l__fp_array_loop_int=\count110
\l__sort_length_int=\count111
\l__sort_min_int=\count112
\l__sort_top_int=\count113
\l__sort_max_int=\count114
\l__sort_true_max_int=\count115
\l__sort_block_int=\count116
\l__sort_begin_int=\count117
\l__sort_end_int=\count118
\l__sort_A_int=\count119
\l__sort_B_int=\count120
\l__sort_C_int=\count121
\l__tl_analysis_normal_int=\count122
\l__tl_analysis_index_int=\count123
\l__tl_analysis_nesting_int=\count124
\l__tl_analysis_type_int=\count125
\l__regex_internal_a_int=\count126
\l__regex_internal_b_int=\count127
\l__regex_internal_c_int=\count128
\l__regex_balance_int=\count129
\l__regex_group_level_int=\count130
\l__regex_mode_int=\count131
\c__regex_cs_in_class_mode_int=\count132
\c__regex_cs_mode_int=\count133
\l__regex_catcodes_int=\count134
\l__regex_default_catcodes_int=\count135
\c__regex_catcode_D_int=\count136
\c__regex_catcode_S_int=\count137
\c__regex_catcode_L_int=\count138
\c__regex_catcode_O_int=\count139
\c__regex_catcode_A_int=\count140
\c__regex_all_catcodes_int=\count141
\l__regex_show_lines_int=\count142
\l__regex_min_state_int=\count143
\l__regex_max_state_int=\count144
\l__regex_left_state_int=\count145
\l__regex_right_state_int=\count146
\l__regex_capturing_group_int=\count147
\l__regex_min_pos_int=\count148
\l__regex_max_pos_int=\count149
\l__regex_curr_pos_int=\count150
\l__regex_start_pos_int=\count151
\l__regex_success_pos_int=\count152
\l__regex_curr_char_int=\count153
\l__regex_curr_catcode_int=\count154
\l__regex_last_char_int=\count155
\l__regex_case_changed_char_int=\count156
\l__regex_curr_state_int=\count157
\l__regex_step_int=\count158
\l__regex_min_active_int=\count159
\l__regex_max_active_int=\count160
\l__regex_replacement_csnames_int=\count161
\l__regex_match_count_int=\count162
\l__regex_min_submatch_int=\count163
\l__regex_submatch_int=\count164
\l__regex_zeroth_submatch_int=\count165
\g__regex_trace_regex_int=\count166
\c_empty_box=\box29
\l_tmpa_box=\box30
\l_tmpb_box=\box31
\g_tmpa_box=\box32
\g_tmpb_box=\box33
\l__box_top_dim=\dimen115
\l__box_bottom_dim=\dimen116
\l__box_left_dim=\dimen117
\l__box_right_dim=\dimen118
\l__box_top_new_dim=\dimen119
\l__box_bottom_new_dim=\dimen120
\l__box_left_new_dim=\dimen121
\l__box_right_new_dim=\dimen122
\l__box_internal_box=\box34
\l__coffin_internal_box=\box35
\l__coffin_internal_dim=\dimen123
\l__coffin_offset_x_dim=\dimen124
\l__coffin_offset_y_dim=\dimen125
\l__coffin_x_dim=\dimen126
\l__coffin_y_dim=\dimen127
\l__coffin_x_prime_dim=\dimen128
\l__coffin_y_prime_dim=\dimen129
\c_empty_coffin=\box36
\l__coffin_aligned_coffin=\box37
\l__coffin_aligned_internal_coffin=\box38
\l_tmpa_coffin=\box39
\l_tmpb_coffin=\box40
\g_tmpa_coffin=\box41
\g_tmpb_coffin=\box42
\l__coffin_bounding_shift_dim=\dimen130
\l__coffin_left_corner_dim=\dimen131
\l__coffin_right_corner_dim=\dimen132
\l__coffin_bottom_corner_dim=\dimen133
\l__coffin_top_corner_dim=\dimen134
\l__coffin_scaled_total_height_dim=\dimen135
\l__coffin_scaled_width_dim=\dimen136
\c__coffin_empty_coffin=\box43
\l__coffin_display_coffin=\box44
\l__coffin_display_coord_coffin=\box45
\l__coffin_display_pole_coffin=\box46
\l__coffin_display_offset_dim=\dimen137
\l__coffin_display_x_dim=\dimen138
\l__coffin_display_y_dim=\dimen139
\g__file_internal_ior=\read1
\l__seq_internal_a_int=\count167
\l__seq_internal_b_int=\count168
\c__deprecation_minus_one=\count169
)
("C:\Users\djamel\AppData\Local\Programs\MiKTeX 2.9\tex/latex/l3kernel\l3pdfmod
e.def"
File: l3pdfmode.def 2019-03-05 v L3 Experimental driver: PDF mode
\l__driver_color_stack_int=\count170
))
Package: xparse 2019-03-05 L3 Experimental document command parser
\l__xparse_current_arg_int=\count171
\g__xparse_grabber_int=\count172
\l__xparse_m_args_int=\count173
\l__xparse_v_nesting_int=\count174
)
("C:\Users\djamel\AppData\Local\Programs\MiKTeX 2.9\tex/latex/microtype\microty
pe.sty"
Package: microtype 2019/02/28 v2.7b Micro-typographical refinements (RS)
\MT@toks=\toks17
\MT@count=\count175
LaTeX Info: Redefining \textls on input line 790.
\MT@outer@kern=\dimen140
LaTeX Info: Redefining \textmicrotypecontext on input line 1336.
\MT@listname@count=\count176

("C:\Users\djamel\AppData\Local\Programs\MiKTeX 2.9\tex/latex/microtype\microty
pe-pdftex.def"
File: microtype-pdftex.def 2019/02/28 v2.7b Definitions specific to pdftex (RS)

LaTeX Info: Redefining \lsstyle on input line 914.
LaTeX Info: Redefining \lslig on input line 914.
\MT@outer@space=\skip62
)
Package microtype Info: Loading configuration file microtype.cfg.

("C:\Users\djamel\AppData\Local\Programs\MiKTeX 2.9\tex/latex/microtype\microty
pe.cfg"
File: microtype.cfg 2019/02/28 v2.7b microtype main configuration file (RS)
))
("C:\Users\djamel\AppData\Local\Programs\MiKTeX 2.9\tex/latex/moderncv\moderncv
collection.sty"
Package: moderncvcollection 2015/07/28 v2.0.0 moderncv collections
\c@collection@iterator=\count177
)
("C:\Users\djamel\AppData\Local\Programs\MiKTeX 2.9\tex/latex/moderncv\moderncv
compatibility.sty"
Package: moderncvcompatibility 2015/07/28 v2.0.0 modern curriculum vitae and le
tter compatibility patches
)
\c@collection@phones@count=\count178
\c@collection@socials@count=\count179
\c@cvcolumnscounter=\count180
\c@cvcolumnsautowidthcounter=\count181
\c@tmpiteratorcounter=\count182
\cvcolumnsdummywidth=\skip63
\cvcolumnswidth=\skip64
\cvcolumnsautowidth=\skip65
\cvcolumnautowidth=\skip66
\bibindent=\skip67
)
("C:\Users\djamel\AppData\Local\Programs\MiKTeX 2.9\tex/latex/moderncv\moderncv
stylecasual.sty"
Package: moderncvstylecasual 2015/07/28 v2.0.0 modern curriculum vitae and lett
er style scheme: casual

("C:\Users\djamel\AppData\Local\Programs\MiKTeX 2.9\tex/latex/moderncv\moderncv
iconsawesome.sty"
Package: moderncviconsawesome 2015/07/28 v2.0.0 modern curriculum vitae and let
ter icons: awesome

("C:\Users\djamel\AppData\Local\Programs\MiKTeX 2.9\tex/latex/fontawesome\fonta
wesome.sty"
Package: fontawesome 2016/05/15 v4.6.3.1 font awesome icons

("C:\Users\djamel\AppData\Local\Programs\MiKTeX 2.9\tex/latex/fontawesome\fonta
wesomesymbols-generic.tex")
("C:\Users\djamel\AppData\Local\Programs\MiKTeX 2.9\tex/latex/fontawesome\fonta
wesomesymbols-pdftex.tex")))
("C:\Users\djamel\AppData\Local\Programs\MiKTeX 2.9\tex/latex/moderncv\moderncv
headii.sty"

LaTeX Warning: You have requested package `moderncvheadii',
               but the package provides `moderncvheadii'.

Package: moderncvheadii 2015/07/28 v2.0.0 modern curriculum vitae and letter he
ader variant: 2
\makeheaddetailsbox=\box47
\makeheaddetailstempbox=\box48
\makeheaddetailswidth=\skip68
\makeheaddetailsboxwidth=\skip69
\quotewidth=\skip70
\makecvheadnamewidth=\skip71
)
("C:\Users\djamel\AppData\Local\Programs\MiKTeX 2.9\tex/latex/moderncv\moderncv
bodyi.sty"

LaTeX Warning: You have requested package `moderncvbodyi',
               but the package provides `moderncvbodyi'.

Package: moderncvbodyi 2015/07/28 v2.0.0 modern curriculum vitae and letter bod
y variant: 1
\hintscolumnwidth=\skip72
\separatorcolumnwidth=\skip73
\maincolumnwidth=\skip74
\doubleitemcolumnwidth=\skip75
\listitemsymbolwidth=\skip76
LaTeX Font Info:    Try loading font information for U+fontawesometwo on input 
line 46.

("C:\Users\djamel\AppData\Local\Programs\MiKTeX 2.9\tex/latex/fontawesome\ufont
awesometwo.fd"
File: ufontawesometwo.fd 2016/05/22 Font definitions for U/fontawesometwo.
)
\listitemcolumnwidth=\skip77
\listdoubleitemcolumnwidth=\skip78
\baseletterheight=\skip79
\cvitemwithcommentbox=\box49
\cvitemwithcommentskilllength=\skip80
\cvitemwithcommentcommentlength=\skip81
)
("C:\Users\djamel\AppData\Local\Programs\MiKTeX 2.9\tex/latex/moderncv\moderncv
footi.sty"

LaTeX Warning: You have requested package `moderncvfooti',
               but the package provides `moderncvfooti'.

Package: moderncvfooti 2015/07/28 v2.0.0 modern curriculum vitae and letter foo
ter variant: 1
\footwidth=\skip82
\footbox=\box50
\foottempbox=\box51
\footboxwidth=\skip83
))
("C:\Users\djamel\AppData\Local\Programs\MiKTeX 2.9\tex/latex/moderncv\moderncv
colorblue.sty"
Package: moderncvcolorblue 2015/07/28 v2.0.0 modern curriculum vitae and letter
 color scheme: blue
)
("C:\Users\djamel\AppData\Local\Programs\MiKTeX 2.9\tex/latex/base\inputenc.sty
"
Package: inputenc 2018/08/11 v1.3c Input encoding file
\inpenc@prehook=\toks18
\inpenc@posthook=\toks19
)
("C:\Users\djamel\AppData\Local\Programs\MiKTeX 2.9\tex/latex/geometry\geometry
.sty"
Package: geometry 2018/04/16 v5.8 Page Geometry

("C:\Users\djamel\AppData\Local\Programs\MiKTeX 2.9\tex/generic/oberdiek\ifpdf.
sty"
Package: ifpdf 2018/09/07 v3.3 Provides the ifpdf switch
)
("C:\Users\djamel\AppData\Local\Programs\MiKTeX 2.9\tex/generic/oberdiek\ifvtex
.sty"
Package: ifvtex 2016/05/16 v1.6 Detect VTeX and its facilities (HO)
Package ifvtex Info: VTeX not detected.
)
\Gm@cnth=\count183
\Gm@cntv=\count184
\c@Gm@tempcnt=\count185
\Gm@bindingoffset=\dimen141
\Gm@wd@mp=\dimen142
\Gm@odd@mp=\dimen143
\Gm@even@mp=\dimen144
\Gm@layoutwidth=\dimen145
\Gm@layoutheight=\dimen146
\Gm@layouthoffset=\dimen147
\Gm@layoutvoffset=\dimen148
\Gm@dimlist=\toks20

("C:\Users\djamel\AppData\Local\Programs\MiKTeX 2.9\tex/latex/geometry\geometry
.cfg"))
("C:\Users\djamel\AppData\Local\Programs\MiKTeX 2.9\tex/generic/babel\babel.sty
"
Package: babel 2018/11/13 3.27 The Babel package

("C:\Users\djamel\AppData\Local\Programs\MiKTeX 2.9\tex/generic/babel\switch.de
f"
File: switch.def 2018/11/13 3.27 Babel switching mechanism
)
*************************************
* Local config file bblopts.cfg used
*
("C:\Users\djamel\AppData\Local\Programs\MiKTeX 2.9\tex/latex/arabi\bblopts.cfg
"
File: bblopts.cfg 2005/09/08 v0.1 add Arabic and Farsi to "declared" options of
 babel
)
("C:\Users\djamel\AppData\Local\Programs\MiKTeX 2.9\tex/latex/babel-english\eng
lish.ldf"
Language: english 2017/06/06 v3.3r English support from the babel system

("C:\Users\djamel\AppData\Local\Programs\MiKTeX 2.9\tex/generic/babel\babel.def
"
File: babel.def 2018/11/13 3.27 Babel common definitions
\babel@savecnt=\count186
\U@D=\dimen149

("C:\Users\djamel\AppData\Local\Programs\MiKTeX 2.9\tex/generic/babel\txtbabel.
def")
\bbl@dirlevel=\count187
)
\l@canadian = a dialect from \language\l@american 
\l@australian = a dialect from \language\l@british 
\l@newzealand = a dialect from \language\l@british 
))
("C:\Users\djamel\AppData\Local\Programs\MiKTeX 2.9\tex/latex/hyperref\hyperref
.sty"
Package: hyperref 2018/11/30 v6.88e Hypertext links for LaTeX

("C:\Users\djamel\AppData\Local\Programs\MiKTeX 2.9\tex/generic/oberdiek\hobsub
-hyperref.sty"
Package: hobsub-hyperref 2016/05/16 v1.14 Bundle oberdiek, subset hyperref (HO)


("C:\Users\djamel\AppData\Local\Programs\MiKTeX 2.9\tex/generic/oberdiek\hobsub
-generic.sty"
Package: hobsub-generic 2016/05/16 v1.14 Bundle oberdiek, subset generic (HO)
Package: hobsub 2016/05/16 v1.14 Construct package bundles (HO)
Package: infwarerr 2016/05/16 v1.4 Providing info/warning/error messages (HO)
Package: ltxcmds 2016/05/16 v1.23 LaTeX kernel commands for general use (HO)
Package hobsub Info: Skipping package `ifluatex' (already loaded).
Package hobsub Info: Skipping package `ifvtex' (already loaded).
Package: intcalc 2016/05/16 v1.2 Expandable calculations with integers (HO)
Package hobsub Info: Skipping package `ifpdf' (already loaded).
Package: etexcmds 2016/05/16 v1.6 Avoid name clashes with e-TeX commands (HO)
Package: kvsetkeys 2016/05/16 v1.17 Key value parser (HO)
Package: kvdefinekeys 2016/05/16 v1.4 Define keys (HO)
Package: pdftexcmds 2018/09/10 v0.29 Utility functions of pdfTeX for LuaTeX (HO
)
Package pdftexcmds Info: LuaTeX not detected.
Package pdftexcmds Info: \pdf@primitive is available.
Package pdftexcmds Info: \pdf@ifprimitive is available.
Package pdftexcmds Info: \pdfdraftmode found.
Package: pdfescape 2016/05/16 v1.14 Implements pdfTeX's escape features (HO)
Package: bigintcalc 2016/05/16 v1.4 Expandable calculations on big integers (HO
)
Package: bitset 2016/05/16 v1.2 Handle bit-vector datatype (HO)
Package: uniquecounter 2016/05/16 v1.3 Provide unlimited unique counter (HO)
)
Package hobsub Info: Skipping package `hobsub' (already loaded).
Package: letltxmacro 2016/05/16 v1.5 Let assignment for LaTeX macros (HO)
Package: hopatch 2016/05/16 v1.3 Wrapper for package hooks (HO)
Package: xcolor-patch 2016/05/16 xcolor patch
Package: atveryend 2016/05/16 v1.9 Hooks at the very end of document (HO)
Package: atbegshi 2016/06/09 v1.18 At begin shipout hook (HO)
Package: refcount 2016/05/16 v3.5 Data extraction from label references (HO)
Package: hycolor 2016/05/16 v1.8 Color options for hyperref/bookmark (HO)
)
("C:\Users\djamel\AppData\Local\Programs\MiKTeX 2.9\tex/latex/oberdiek\auxhook.
sty"
Package: auxhook 2016/05/16 v1.4 Hooks for auxiliary files (HO)
)
("C:\Users\djamel\AppData\Local\Programs\MiKTeX 2.9\tex/latex/oberdiek\kvoption
s.sty"
Package: kvoptions 2016/05/16 v3.12 Key value format for package options (HO)
)
\@linkdim=\dimen150
\Hy@linkcounter=\count188
\Hy@pagecounter=\count189

("C:\Users\djamel\AppData\Local\Programs\MiKTeX 2.9\tex/latex/hyperref\pd1enc.d
ef"
File: pd1enc.def 2018/11/30 v6.88e Hyperref: PDFDocEncoding definition (HO)
Now handling font encoding PD1 ...
... no UTF-8 mapping file for font encoding PD1
)
\Hy@SavedSpaceFactor=\count190

("C:\Users\djamel\AppData\Local\Programs\MiKTeX 2.9\tex/latex/00miktex\hyperref
.cfg"
File: hyperref.cfg 2002/06/06 v1.2 hyperref configuration of TeXLive
)
Package hyperref Info: Option `unicode' set `true' on input line 4393.

("C:\Users\djamel\AppData\Local\Programs\MiKTeX 2.9\tex/latex/hyperref\puenc.de
f"
File: puenc.def 2018/11/30 v6.88e Hyperref: PDF Unicode definition (HO)
Now handling font encoding PU ...
... no UTF-8 mapping file for font encoding PU
)
Package hyperref Info: Hyper figures OFF on input line 4519.
Package hyperref Info: Link nesting OFF on input line 4524.
Package hyperref Info: Hyper index ON on input line 4527.
Package hyperref Info: Plain pages OFF on input line 4534.
Package hyperref Info: Backreferencing OFF on input line 4539.
Package hyperref Info: Implicit mode ON; LaTeX internals redefined.
Package hyperref Info: Bookmarks ON on input line 4772.
\c@Hy@tempcnt=\count191
LaTeX Info: Redefining \url on input line 5125.
\XeTeXLinkMargin=\dimen151
\Fld@menulength=\count192
\Field@Width=\dimen152
\Fld@charsize=\dimen153
Package hyperref Info: Hyper figures OFF on input line 6380.
Package hyperref Info: Link nesting OFF on input line 6385.
Package hyperref Info: Hyper index ON on input line 6388.
Package hyperref Info: backreferencing OFF on input line 6395.
Package hyperref Info: Link coloring OFF on input line 6400.
Package hyperref Info: Link coloring with OCG OFF on input line 6405.
Package hyperref Info: PDF/A mode OFF on input line 6410.
LaTeX Info: Redefining \ref on input line 6450.
LaTeX Info: Redefining \pageref on input line 6454.
\Hy@abspage=\count193
\c@Item=\count194
\c@Hfootnote=\count195
)
Package hyperref Info: Driver (autodetected): hpdftex.

("C:\Users\djamel\AppData\Local\Programs\MiKTeX 2.9\tex/latex/hyperref\hpdftex.
def"
File: hpdftex.def 2018/11/30 v6.88e Hyperref driver for pdfTeX
\Fld@listcount=\count196
\c@bookmark@seq@number=\count197

("C:\Users\djamel\AppData\Local\Programs\MiKTeX 2.9\tex/latex/oberdiek\rerunfil
echeck.sty"
Package: rerunfilecheck 2016/05/16 v1.8 Rerun checks for auxiliary files (HO)
Package uniquecounter Info: New unique counter `rerunfilecheck' on input line 2
82.
)
\Hy@SectionHShift=\skip84
)
Package hyperref Info: Option `breaklinks' set `true' on input line 24.
Package hyperref Info: Option `bookmarksopen' set `true' on input line 24.
 ("new Cv djamel.aux")
\openout1 = `"new Cv djamel.aux"'.

LaTeX Font Info:    Checking defaults for OML/cmm/m/it on input line 24.
LaTeX Font Info:    ... okay on input line 24.
LaTeX Font Info:    Checking defaults for T1/cmr/m/n on input line 24.
LaTeX Font Info:    ... okay on input line 24.
LaTeX Font Info:    Checking defaults for OT1/cmr/m/n on input line 24.
LaTeX Font Info:    ... okay on input line 24.
LaTeX Font Info:    Checking defaults for OMS/cmsy/m/n on input line 24.
LaTeX Font Info:    ... okay on input line 24.
LaTeX Font Info:    Checking defaults for OMX/cmex/m/n on input line 24.
LaTeX Font Info:    ... okay on input line 24.
LaTeX Font Info:    Checking defaults for U/cmr/m/n on input line 24.
LaTeX Font Info:    ... okay on input line 24.
LaTeX Font Info:    Checking defaults for PD1/pdf/m/n on input line 24.
LaTeX Font Info:    ... okay on input line 24.
LaTeX Font Info:    Checking defaults for PU/pdf/m/n on input line 24.
LaTeX Font Info:    ... okay on input line 24.
LaTeX Font Info:    Try loading font information for T1+lmr on input line 24.

("C:\Users\djamel\AppData\Local\Programs\MiKTeX 2.9\tex/latex/lm\t1lmr.fd"
File: t1lmr.fd 2009/10/30 v1.6 Font defs for Latin Modern
)
("C:\Users\djamel\AppData\Local\Programs\MiKTeX 2.9\tex/context/base/mkii\supp-
pdf.mkii"
[Loading MPS to PDF converter (version 2006.09.02).]
\scratchcounter=\count198
\scratchdimen=\dimen154
\scratchbox=\box52
\nofMPsegments=\count199
\nofMParguments=\count266
\everyMPshowfont=\toks21
\MPscratchCnt=\count267
\MPscratchDim=\dimen155
\MPnumerator=\count268
\makeMPintoPDFobject=\count269
\everyMPtoPDFconversion=\toks22
)
("C:\Users\djamel\AppData\Local\Programs\MiKTeX 2.9\tex/latex/oberdiek\epstopdf
-base.sty"
Package: epstopdf-base 2016/05/15 v2.6 Base part for package epstopdf

("C:\Users\djamel\AppData\Local\Programs\MiKTeX 2.9\tex/latex/oberdiek\grfext.s
ty"
Package: grfext 2016/05/16 v1.2 Manage graphics extensions (HO)
)
Package epstopdf-base Info: Redefining graphics rule for `.eps' on input line 4
38.
Package grfext Info: Graphics extension search list:
(grfext)             [.pdf,.png,.jpg,.mps,.jpeg,.jbig2,.jb2,.PDF,.PNG,.JPG,.JPE
G,.JBIG2,.JB2,.eps]
(grfext)             \AppendGraphicsExtensions on input line 456.
)
LaTeX Info: Redefining \microtypecontext on input line 24.
Package microtype Info: Generating PDF output.
Package microtype Info: Character protrusion enabled (level 2).
Package microtype Info: Using default protrusion set `alltext'.
Package microtype Info: Automatic font expansion enabled (level 2),
(microtype)             stretch: 20, shrink: 20, step: 1, non-selected.
Package microtype Info: Using default expansion set `basictext'.
Package microtype Info: No adjustment of tracking.
Package microtype Info: No adjustment of interword spacing.
Package microtype Info: No adjustment of character kerning.

("C:\Users\djamel\AppData\Local\Programs\MiKTeX 2.9\tex/latex/microtype\mt-cmr.
cfg"
File: mt-cmr.cfg 2013/05/19 v2.2 microtype config. file: Computer Modern Roman 
(RS)
)
LaTeX Font Info:    Try loading font information for T1+lmss on input line 24.
 ("C:\Users\djamel\AppData\Local\Programs\MiKTeX 2.9\tex/latex/lm\t1lmss.fd"
File: t1lmss.fd 2009/10/30 v1.6 Font defs for Latin Modern
)
Package microtype Info: Loading generic protrusion settings for font family
(microtype)             `lmss' (encoding: T1).
(microtype)             For optimal results, create family-specific settings.
(microtype)             See the microtype manual for details.

*geometry* driver: auto-detecting
*geometry* detected driver: pdftex
*geometry* verbose mode - [ preamble ] result:
* driver: pdftex
* paper: a4paper
* layout: <same size as paper>
* layoutoffset:(h,v)=(0.0pt,0.0pt)
* modes: 
* h-part:(L,W,R)=(74.68848pt, 448.1309pt, 74.68849pt)
* v-part:(T,H,B)=(84.50467pt, 633.78513pt, 126.75705pt)
* \paperwidth=597.50787pt
* \paperheight=845.04684pt
* \textwidth=448.1309pt
* \textheight=633.78513pt
* \oddsidemargin=2.41849pt
* \evensidemargin=2.41849pt
* \topmargin=-24.76532pt
* \headheight=12.0pt
* \headsep=25.0pt
* \topskip=11.0pt
* \footskip=30.0pt
* \marginparwidth=50.0pt
* \marginparsep=10.0pt
* \columnsep=10.0pt
* \skip\footins=10.0pt plus 4.0pt minus 2.0pt
* \hoffset=0.0pt
* \voffset=0.0pt
* \mag=1000
* \@twocolumnfalse
* \@twosidefalse
* \@mparswitchfalse
* \@reversemarginfalse
* (1in=72.27pt=25.4mm, 1cm=28.453pt)

\AtBeginShipoutBox=\box53
Package hyperref Info: Link coloring OFF on input line 24.

("C:\Users\djamel\AppData\Local\Programs\MiKTeX 2.9\tex/latex/hyperref\nameref.
sty"
Package: nameref 2016/05/21 v2.44 Cross-referencing by name of section

("C:\Users\djamel\AppData\Local\Programs\MiKTeX 2.9\tex/generic/oberdiek\gettit
lestring.sty"
Package: gettitlestring 2016/05/16 v1.5 Cleanup title references (HO)
)
\c@section@level=\count270
)
LaTeX Info: Redefining \ref on input line 24.
LaTeX Info: Redefining \pageref on input line 24.
LaTeX Info: Redefining \nameref on input line 24.
 ("new Cv djamel.out") ("new Cv djamel.out")
\@outlinefile=\write3
\openout3 = `"new Cv djamel.out"'.

\pagenumberwidth=\skip85
LaTeX Font Info:    Font shape `T1/lmss/m/it' in size <10.95> not available
(Font)              Font shape `T1/lmss/m/sl' tried instead on input line 24.
\makecvheadpicturebox=\box54
<../djamel.jpg, id=48, 487.8225pt x 688.974pt>
File: ../djamel.jpg Graphic file (type jpg)
<use ../djamel.jpg>
Package pdftex.def Info: ../djamel.jpg  used on input line 26.
(pdftex.def)             Requested size: 64.0pt x 90.38977pt.
\makecvheadpicturewidth=\skip86
\makecvheadnamebox=\box55
LaTeX Font Info:    Try loading font information for OT1+lmr on input line 26.

("C:\Users\djamel\AppData\Local\Programs\MiKTeX 2.9\tex/latex/lm\ot1lmr.fd"
File: ot1lmr.fd 2009/10/30 v1.6 Font defs for Latin Modern
)
LaTeX Font Info:    Try loading font information for OML+lmm on input line 26.

("C:\Users\djamel\AppData\Local\Programs\MiKTeX 2.9\tex/latex/lm\omllmm.fd"
File: omllmm.fd 2009/10/30 v1.6 Font defs for Latin Modern
)
LaTeX Font Info:    Try loading font information for OMS+lmsy on input line 26.


("C:\Users\djamel\AppData\Local\Programs\MiKTeX 2.9\tex/latex/lm\omslmsy.fd"
File: omslmsy.fd 2009/10/30 v1.6 Font defs for Latin Modern
)
LaTeX Font Info:    Try loading font information for OMX+lmex on input line 26.


("C:\Users\djamel\AppData\Local\Programs\MiKTeX 2.9\tex/latex/lm\omxlmex.fd"
File: omxlmex.fd 2009/10/30 v1.6 Font defs for Latin Modern
)
LaTeX Font Info:    External font `lmex10' loaded for size
(Font)              <10.95> on input line 26.
LaTeX Font Info:    External font `lmex10' loaded for size
(Font)              <8> on input line 26.
LaTeX Font Info:    External font `lmex10' loaded for size
(Font)              <6> on input line 26.

Underfull \hbox (badness 10000) in paragraph at lines 26--26

 []


LaTeX Font Warning: Font shape `U/fontawesometwo/m/sl' undefined
(Font)              using `U/fontawesometwo/m/n' instead on input line 45.

LaTeX Font Info:    Try loading font information for OMS+lmr on input line 45.
("C:\Users\djamel\AppData\Local\Programs\MiKTeX 2.9\tex/latex/lm\omslmr.fd"
File: omslmr.fd 2009/10/30 v1.6 Font defs for Latin Modern
)
LaTeX Font Info:    Font shape `OMS/lmr/m/sl' in size <10.95> not available
(Font)              Font shape `OMS/lmsy/m/n' tried instead on input line 45.
LaTeX Font Info:    Try loading font information for U+fontawesomeone on input 
line 45.

("C:\Users\djamel\AppData\Local\Programs\MiKTeX 2.9\tex/latex/fontawesome\ufont
awesomeone.fd"
File: ufontawesomeone.fd 2016/05/22 Font definitions for U/fontawesomeone.
)

LaTeX Font Warning: Font shape `U/fontawesomeone/m/sl' undefined
(Font)              using `U/fontawesomeone/m/n' instead on input line 45.


Package Fancyhdr Warning: \footskip is too small (30.0pt): 
Make it at least 69.63203pt.
We now make it that large for the rest of the document.
This may cause the page layout to be inconsistent, however.

[1

{C:/Users/djamel/AppData/Local/MiKTeX/2.9/pdftex/config/pdftex.map} <../djamel.
jpg>]
LaTeX Font Info:    Font shape `T1/lmss/m/it' in size <10> not available
(Font)              Font shape `T1/lmss/m/sl' tried instead on input line 46.
 [2]
Package atveryend Info: Empty hook `BeforeClearDocument' on input line 81.
 [3

]
Package atveryend Info: Empty hook `AfterLastShipout' on input line 81.
 ("new Cv djamel.aux")
Package atveryend Info: Executing hook `AtVeryEndDocument' on input line 81.
Package atveryend Info: Executing hook `AtEndAfterFileList' on input line 81.
Package rerunfilecheck Info: File `"new Cv djamel".out' has not changed.
(rerunfilecheck)             Checksum: EFE0E9D56EAC45E619F4F3B567584450;1080.


LaTeX Font Warning: Some font shapes were not available, defaults substituted.

 ) 
Here is how much of TeX's memory you used:
 23435 strings out of 492946
 395220 string characters out of 3125822
 490426 words of memory out of 3000000
 27072 multiletter control sequences out of 15000+200000
 600287 words of font info for 79 fonts, out of 3000000 for 9000
 1141 hyphenation exceptions out of 8191
 61i,20n,65p,909b,455s stack positions out of 5000i,500n,10000p,200000b,50000s
{C:/Users/djamel/AppData/Local/Programs/MiKTeX 2.9/fonts/enc/dvips/fontawesom
e/fontawesomeone.enc}{C:/Users/djamel/AppData/Local/Programs/MiKTeX 2.9/fonts/e
nc/dvips/lm/lm-mathsy.enc}{C:/Users/djamel/AppData/Local/Programs/MiKTeX 2.9/fo
nts/enc/dvips/fontawesome/fontawesometwo.enc}{C:/Users/djamel/AppData/Local/Pro
grams/MiKTeX 2.9/fonts/enc/dvips/lm/lm-ec.enc}<C:/Users/djamel/AppData/Local/Pr
ograms/MiKTeX 2.9/fonts/type1/public/fontawesome/FontAwesome.pfb><C:/Users/djam
el/AppData/Local/Programs/MiKTeX 2.9/fonts/type1/public/lm/lmss10.pfb><C:/Users
/djamel/AppData/Local/Programs/MiKTeX 2.9/fonts/type1/public/lm/lmss12.pfb><C:/
Users/djamel/AppData/Local/Programs/MiKTeX 2.9/fonts/type1/public/lm/lmss17.pfb
><C:/Users/djamel/AppData/Local/Programs/MiKTeX 2.9/fonts/type1/public/lm/lmssb
x10.pfb><C:/Users/djamel/AppData/Local/Programs/MiKTeX 2.9/fonts/type1/public/l
m/lmsso10.pfb><C:/Users/djamel/AppData/Local/Programs/MiKTeX 2.9/fonts/type1/pu
blic/lm/lmsso12.pfb><C:/Users/djamel/AppData/Local/Programs/MiKTeX 2.9/fonts/ty
pe1/public/lm/lmsso17.pfb><C:/Users/djamel/AppData/Local/Programs/MiKTeX 2.9/fo
nts/type1/public/lm/lmsy10.pfb>
Output written on "new Cv djamel.pdf" (3 pages, 1881970 bytes).
PDF statistics:
 126 PDF objects out of 1000 (max. 8388607)
 15 named destinations out of 1000 (max. 500000)
 23646 words of extra memory for PDF output out of 24883 (max. 10000000)

